[2023-04-12 12:36:49] [1] [WARN] Reporting disabled: using no op test run registrar
[2023-04-12 12:36:49] [1] [INFO] TEST [carina_automation - includeExactWordsTest] STARTED at [16:36:49 2023-04-12]
[2023-04-12 12:36:49] [1] [INFO] Starting driver session...
[2023-04-12 12:36:49] [1] [ERROR] TEST [carina_automation - includeExactWordsTest] FAILED at [16:36:49 2023-04-12] - Unsupported browser: 

com.zebrunner.carina.webdriver.core.factory.impl.DesktopFactory.getCapabilities(DesktopFactory.java:100)
com.zebrunner.carina.webdriver.core.factory.impl.DesktopFactory.create(DesktopFactory.java:64)
com.zebrunner.carina.webdriver.core.factory.DriverFactory.create(DriverFactory.java:90)
com.zebrunner.carina.webdriver.IDriverPool.createDriver(IDriverPool.java:364)
com.zebrunner.carina.webdriver.IDriverPool.getDriver(IDriverPool.java:117)
com.zebrunner.carina.webdriver.IDriverPool.getDriver(IDriverPool.java:80)
com.zebrunner.carina.webdriver.IDriverPool.getDriver(IDriverPool.java:68)
ebay.carina.SearchTest.includeExactWordsTest(SearchTest.java:84)
java.base/jdk.internal.reflect.DirectMethodHandleAccessor.invoke(DirectMethodHandleAccessor.java:104)
java.base/java.lang.reflect.Method.invoke(Method.java:577)
org.testng.internal.invokers.MethodInvocationHelper.invokeMethod(MethodInvocationHelper.java:139)
org.testng.internal.invokers.TestInvoker.invokeMethod(TestInvoker.java:677)
org.testng.internal.invokers.TestInvoker.invokeTestMethod(TestInvoker.java:221)
org.testng.internal.invokers.MethodRunner.runInSequence(MethodRunner.java:50)
org.testng.internal.invokers.TestInvoker$MethodInvocationAgent.invoke(TestInvoker.java:962)
org.testng.internal.invokers.TestInvoker.invokeTestMethods(TestInvoker.java:194)
org.testng.internal.invokers.TestMethodWorker.invokeTestMethods(TestMethodWorker.java:148)
org.testng.internal.invokers.TestMethodWorker.run(TestMethodWorker.java:128)
java.base/java.util.ArrayList.forEach(ArrayList.java:1511)
org.testng.TestRunner.privateRun(TestRunner.java:806)
org.testng.TestRunner.run(TestRunner.java:601)
org.testng.SuiteRunner.runTest(SuiteRunner.java:433)
org.testng.SuiteRunner.runSequentially(SuiteRunner.java:427)
org.testng.SuiteRunner.privateRun(SuiteRunner.java:387)
org.testng.SuiteRunner.run(SuiteRunner.java:330)
org.testng.SuiteRunnerWorker.runSuite(SuiteRunnerWorker.java:52)
org.testng.SuiteRunnerWorker.run(SuiteRunnerWorker.java:95)
org.testng.TestNG.runSuitesSequentially(TestNG.java:1256)
org.testng.TestNG.runSuitesLocally(TestNG.java:1176)
org.testng.TestNG.runSuites(TestNG.java:1099)
org.testng.TestNG.run(TestNG.java:1067)
com.intellij.rt.testng.IDEARemoteTestNG.run(IDEARemoteTestNG.java:66)
com.intellij.rt.testng.RemoteTestNGStarter.main(RemoteTestNGStarter.java:109)
